build/app/intermediates/manifest_merge_blame_file/debug/manifest-merger-blame-debug-report.txt
1<?xml version="1.0" encoding="utf-8"?>
2<manifest xmlns:android="http://schemas.android.com/apk/res/android"
3    package="com.company.LDR"
4    android:versionCode="1"
5    android:versionName="1.0.0" >
6
7    <uses-sdk
8        android:minSdkVersion="19"
9        android:targetSdkVersion="29" />
10
11    <uses-permission android:name="android.permission.INTERNET" />
11-->[:firebase_dynamic_links] AndroidManifest.xml:7:5-67
11-->[:firebase_dynamic_links] AndroidManifest.xml:7:22-64
12    <uses-permission android:name="android.permission.READ_EXTERNAL_STORAGE" />
12-->[:image_picker] AndroidManifest.xml:7:5-80
12-->[:image_picker] AndroidManifest.xml:7:22-77
13    <uses-permission android:name="android.permission.WRITE_EXTERNAL_STORAGE" />
13-->[:image_picker] AndroidManifest.xml:8:5-81
13-->[:image_picker] AndroidManifest.xml:8:22-78
14    <uses-permission android:name="android.permission.ACCESS_MEDIA_LOCATION" />
14-->[:photo_manager] AndroidManifest.xml:9:5-80
14-->[:photo_manager] AndroidManifest.xml:9:22-77
15    <uses-permission android:name="android.permission.ACCESS_COARSE_LOCATION" />
15-->[:location] AndroidManifest.xml:7:5-81
15-->[:location] AndroidManifest.xml:7:22-78
16    <uses-permission android:name="android.permission.ACCESS_FINE_LOCATION" /> <!-- Although the *SdkVersion is captured in gradle build files, this is required for non gradle builds -->
16-->[:location] AndroidManifest.xml:8:5-79
16-->[:location] AndroidManifest.xml:8:22-76
17    <!-- <uses-sdk android:minSdkVersion="14" /> -->
18    <uses-permission android:name="android.permission.ACCESS_NETWORK_STATE" />
18-->[com.google.firebase:firebase-firestore:22.0.1] AndroidManifest.xml:13:5-79
18-->[com.google.firebase:firebase-firestore:22.0.1] AndroidManifest.xml:13:22-76
19    <uses-permission android:name="android.permission.WAKE_LOCK" />
19-->[com.google.android.gms:play-services-measurement-api:18.0.0] AndroidManifest.xml:24:5-68
19-->[com.google.android.gms:play-services-measurement-api:18.0.0] AndroidManifest.xml:24:22-65
20    <uses-permission android:name="com.google.android.finsky.permission.BIND_GET_INSTALL_REFERRER_SERVICE" />
20-->[com.google.android.gms:play-services-measurement:18.0.0] AndroidManifest.xml:26:5-110
20-->[com.google.android.gms:play-services-measurement:18.0.0] AndroidManifest.xml:26:22-107
21    <!--
22 Flutter needs it to communicate with the running application
23         to allow setting breakpoints, to provide hot reload, etc.
24    -->
25<!--  <uses-permission android:name="android.permission.INTERNET"/> -->
26    <!--
27 io.flutter.app.FlutterApplication is an android.app.Application that
28         calls FlutterMain.startInitialization(this); in its onCreate method.
29         In most cases you can leave this as-is, but you if you want to provide
30         additional functionality it is fine to subclass or reimplement
31         FlutterApplication and put your custom class here.
32    -->
33    <application
33-->src/main/AndroidManifest.xml:8:5-54:19
34        android:name="io.flutter.app.FlutterApplication"
34-->src/main/AndroidManifest.xml:9:9-57
35        android:appComponentFactory="androidx.core.app.CoreComponentFactory"
35-->[androidx.core:core:1.2.0] AndroidManifest.xml:24:18-86
36        android:debuggable="true"
37        android:icon="@mipmap/ic_launcher"
37-->src/main/AndroidManifest.xml:11:9-43
38        android:label="loginPage" >
38-->src/main/AndroidManifest.xml:10:9-34
39        <activity
39-->src/main/AndroidManifest.xml:12:9-48:20
40            android:name="com.example.loginPage.MainActivity"
40-->src/main/AndroidManifest.xml:13:13-41
41            android:configChanges="orientation|keyboardHidden|keyboard|screenSize|smallestScreenSize|locale|layoutDirection|fontScale|screenLayout|density|uiMode"
41-->src/main/AndroidManifest.xml:16:13-163
42            android:hardwareAccelerated="true"
42-->src/main/AndroidManifest.xml:17:13-47
43            android:launchMode="singleTop"
43-->src/main/AndroidManifest.xml:14:13-43
44            android:theme="@style/LaunchTheme"
44-->src/main/AndroidManifest.xml:15:13-47
45            android:windowSoftInputMode="adjustResize" >
45-->src/main/AndroidManifest.xml:18:13-55
46
47            <!--
48                 Specifies an Android theme to apply to this Activity as soon as
49                 the Android process has started. This theme is visible to the user
50                 while the Flutter UI initializes. After that, this theme continues
51                 to determine the Window background behind the Flutter UI.
52            -->
53            <meta-data
53-->src/main/AndroidManifest.xml:23:13-26:17
54                android:name="io.flutter.embedding.android.NormalTheme"
54-->src/main/AndroidManifest.xml:24:15-70
55                android:resource="@style/NormalTheme" />
55-->src/main/AndroidManifest.xml:25:15-52
56            <!--
57                 Displays an Android View that continues showing the launch screen
58                 Drawable until Flutter paints its first frame, then this splash
59                 screen fades out. A splash screen is useful to avoid any visual
60                 gap between the end of Android's launch screen and the painting of
61                 Flutter's first frame.
62            -->
63            <meta-data
63-->src/main/AndroidManifest.xml:32:13-35:17
64                android:name="io.flutter.embedding.android.SplashScreenDrawable"
64-->src/main/AndroidManifest.xml:33:15-79
65                android:resource="@drawable/launch_background" />
65-->src/main/AndroidManifest.xml:34:15-61
66
67            <intent-filter>
67-->src/main/AndroidManifest.xml:36:13-39:29
68                <action android:name="android.intent.action.MAIN" />
68-->src/main/AndroidManifest.xml:37:16-67
68-->src/main/AndroidManifest.xml:37:24-65
69
70                <category android:name="android.intent.category.LAUNCHER" />
70-->src/main/AndroidManifest.xml:38:16-75
70-->src/main/AndroidManifest.xml:38:26-73
71            </intent-filter>
72            <intent-filter>
72-->src/main/AndroidManifest.xml:40:13-47:29
73                <action android:name="android.intent.action.VIEW" />
73-->src/main/AndroidManifest.xml:41:15-66
73-->src/main/AndroidManifest.xml:41:23-64
74
75                <category android:name="android.intent.category.DEFAULT" />
75-->src/main/AndroidManifest.xml:42:16-74
75-->src/main/AndroidManifest.xml:42:26-72
76                <category android:name="android.intent.category.BROWSABLE" />
76-->src/main/AndroidManifest.xml:43:16-76
76-->src/main/AndroidManifest.xml:43:26-74
77
78                <data
78-->src/main/AndroidManifest.xml:44:15-46:41
79                    android:host="https://signuppages.page.link"
79-->src/main/AndroidManifest.xml:45:17-61
80                    android:scheme="https" />
80-->src/main/AndroidManifest.xml:46:17-39
81            </intent-filter>
82        </activity>
83        <!--
84             Don't delete the meta-data below.
85             This is used by the Flutter tool to generate GeneratedPluginRegistrant.java
86        -->
87        <meta-data
87-->src/main/AndroidManifest.xml:51:9-53:33
88            android:name="flutterEmbedding"
88-->src/main/AndroidManifest.xml:52:13-44
89            android:value="2" />
89-->src/main/AndroidManifest.xml:53:13-30
90
91        <service
91-->[:firebase_storage] AndroidManifest.xml:8:9-12:19
92            android:name="com.google.firebase.components.ComponentDiscoveryService"
92-->[:firebase_storage] AndroidManifest.xml:8:18-89
93            android:directBootAware="true"
93-->[com.google.firebase:firebase-common:19.5.0] AndroidManifest.xml:35:13-43
94            android:exported="false" >
94-->[com.google.firebase:firebase-firestore:22.0.1] AndroidManifest.xml:19:13-37
95            <meta-data
95-->[:firebase_storage] AndroidManifest.xml:9:13-11:85
96                android:name="com.google.firebase.components:io.flutter.plugins.firebase.storage.FlutterFirebaseAppRegistrar"
96-->[:firebase_storage] AndroidManifest.xml:10:17-126
97                android:value="com.google.firebase.components.ComponentRegistrar" />
97-->[:firebase_storage] AndroidManifest.xml:11:17-82
98            <meta-data
98-->[:firebase_dynamic_links] AndroidManifest.xml:11:13-13:85
99                android:name="com.google.firebase.components:io.flutter.plugins.firebasedynamiclinks.FlutterFirebaseAppRegistrar"
99-->[:firebase_dynamic_links] AndroidManifest.xml:12:17-130
100                android:value="com.google.firebase.components.ComponentRegistrar" />
100-->[:firebase_dynamic_links] AndroidManifest.xml:13:17-82
101            <meta-data
101-->[:cloud_firestore] AndroidManifest.xml:9:13-11:85
102                android:name="com.google.firebase.components:io.flutter.plugins.firebase.firestore.FlutterFirebaseFirestoreRegistrar"
102-->[:cloud_firestore] AndroidManifest.xml:10:17-134
103                android:value="com.google.firebase.components.ComponentRegistrar" />
103-->[:cloud_firestore] AndroidManifest.xml:11:17-82
104            <meta-data
104-->[:firebase_auth] AndroidManifest.xml:9:13-11:85
105                android:name="com.google.firebase.components:io.flutter.plugins.firebase.auth.FlutterFirebaseAuthRegistrar"
105-->[:firebase_auth] AndroidManifest.xml:10:17-124
106                android:value="com.google.firebase.components.ComponentRegistrar" />
106-->[:firebase_auth] AndroidManifest.xml:11:17-82
107            <meta-data
107-->[:firebase_core] AndroidManifest.xml:9:13-11:85
108                android:name="com.google.firebase.components:io.flutter.plugins.firebase.core.FlutterFirebaseCoreRegistrar"
108-->[:firebase_core] AndroidManifest.xml:10:17-124
109                android:value="com.google.firebase.components.ComponentRegistrar" />
109-->[:firebase_core] AndroidManifest.xml:11:17-82
110            <meta-data
110-->[com.google.firebase:firebase-firestore:22.0.1] AndroidManifest.xml:20:13-22:85
111                android:name="com.google.firebase.components:com.google.firebase.firestore.FirestoreRegistrar"
111-->[com.google.firebase:firebase-firestore:22.0.1] AndroidManifest.xml:21:17-111
112                android:value="com.google.firebase.components.ComponentRegistrar" />
112-->[com.google.firebase:firebase-firestore:22.0.1] AndroidManifest.xml:22:17-82
113            <meta-data
113-->[com.google.firebase:firebase-dynamic-links:19.1.1] AndroidManifest.xml:11:13-13:85
114                android:name="com.google.firebase.components:com.google.firebase.dynamiclinks.internal.FirebaseDynamicLinkRegistrar"
114-->[com.google.firebase:firebase-dynamic-links:19.1.1] AndroidManifest.xml:12:17-133
115                android:value="com.google.firebase.components.ComponentRegistrar" />
115-->[com.google.firebase:firebase-dynamic-links:19.1.1] AndroidManifest.xml:13:17-82
116            <meta-data
116-->[com.google.firebase:firebase-auth:20.0.1] AndroidManifest.xml:77:13-79:85
117                android:name="com.google.firebase.components:com.google.firebase.auth.FirebaseAuthRegistrar"
117-->[com.google.firebase:firebase-auth:20.0.1] AndroidManifest.xml:78:17-109
118                android:value="com.google.firebase.components.ComponentRegistrar" />
118-->[com.google.firebase:firebase-auth:20.0.1] AndroidManifest.xml:79:17-82
119            <meta-data
119-->[com.google.firebase:firebase-storage:19.2.1] AndroidManifest.xml:33:13-35:85
120                android:name="com.google.firebase.components:com.google.firebase.storage.StorageRegistrar"
120-->[com.google.firebase:firebase-storage:19.2.1] AndroidManifest.xml:34:17-107
121                android:value="com.google.firebase.components.ComponentRegistrar" />
121-->[com.google.firebase:firebase-storage:19.2.1] AndroidManifest.xml:35:17-82
122            <meta-data
122-->[com.google.android.gms:play-services-measurement-api:18.0.0] AndroidManifest.xml:30:13-32:85
123                android:name="com.google.firebase.components:com.google.firebase.analytics.connector.internal.AnalyticsConnectorRegistrar"
123-->[com.google.android.gms:play-services-measurement-api:18.0.0] AndroidManifest.xml:31:17-139
124                android:value="com.google.firebase.components.ComponentRegistrar" />
124-->[com.google.android.gms:play-services-measurement-api:18.0.0] AndroidManifest.xml:32:17-82
125            <meta-data
125-->[com.google.firebase:firebase-installations:16.3.5] AndroidManifest.xml:18:13-20:85
126                android:name="com.google.firebase.components:com.google.firebase.installations.FirebaseInstallationsRegistrar"
126-->[com.google.firebase:firebase-installations:16.3.5] AndroidManifest.xml:19:17-127
127                android:value="com.google.firebase.components.ComponentRegistrar" />
127-->[com.google.firebase:firebase-installations:16.3.5] AndroidManifest.xml:20:17-82
128            <!--
129                This registrar is not defined in the dynamic-module-support sdk itself to allow non-firebase
130                clients to use it as well, by defining this registrar in their own core/common library.
131            -->
132            <meta-data
132-->[com.google.firebase:firebase-common:19.5.0] AndroidManifest.xml:43:13-45:85
133                android:name="com.google.firebase.components:com.google.firebase.dynamicloading.DynamicLoadingRegistrar"
133-->[com.google.firebase:firebase-common:19.5.0] AndroidManifest.xml:44:17-121
134                android:value="com.google.firebase.components.ComponentRegistrar" />
134-->[com.google.firebase:firebase-common:19.5.0] AndroidManifest.xml:45:17-82
135        </service>
136
137        <provider
137-->[:image_picker] AndroidManifest.xml:11:9-19:20
138            android:name="io.flutter.plugins.imagepicker.ImagePickerFileProvider"
138-->[:image_picker] AndroidManifest.xml:12:13-82
139            android:authorities="com.company.LDR.flutter.image_provider"
139-->[:image_picker] AndroidManifest.xml:13:13-74
140            android:exported="false"
140-->[:image_picker] AndroidManifest.xml:14:13-37
141            android:grantUriPermissions="true" >
141-->[:image_picker] AndroidManifest.xml:15:13-47
142            <meta-data
142-->[:image_picker] AndroidManifest.xml:16:13-18:75
143                android:name="android.support.FILE_PROVIDER_PATHS"
143-->[:image_picker] AndroidManifest.xml:17:17-67
144                android:resource="@xml/flutter_image_picker_file_paths" />
144-->[:image_picker] AndroidManifest.xml:18:17-72
145        </provider>
146
147        <activity
147-->[:url_launcher] AndroidManifest.xml:8:9-11:74
148            android:name="io.flutter.plugins.urllauncher.WebViewActivity"
148-->[:url_launcher] AndroidManifest.xml:9:13-74
149            android:exported="false"
149-->[:url_launcher] AndroidManifest.xml:10:13-37
150            android:theme="@android:style/Theme.NoTitleBar.Fullscreen" />
150-->[:url_launcher] AndroidManifest.xml:11:13-71
151
152        <provider
152-->[com.sangcomz:FishBun:0.11.2] AndroidManifest.xml:12:9-20:20
153            android:name="com.sangcomz.fishbun.FishBunFileProvider"
153-->[com.sangcomz:FishBun:0.11.2] AndroidManifest.xml:13:13-68
154            android:authorities="com.company.LDR.fishbunfileprovider"
154-->[com.sangcomz:FishBun:0.11.2] AndroidManifest.xml:14:13-71
155            android:exported="false"
155-->[com.sangcomz:FishBun:0.11.2] AndroidManifest.xml:15:13-37
156            android:grantUriPermissions="true" >
156-->[com.sangcomz:FishBun:0.11.2] AndroidManifest.xml:16:13-47
157            <meta-data
157-->[:image_picker] AndroidManifest.xml:16:13-18:75
158                android:name="android.support.FILE_PROVIDER_PATHS"
158-->[:image_picker] AndroidManifest.xml:17:17-67
159                android:resource="@xml/provider_paths" />
159-->[:image_picker] AndroidManifest.xml:18:17-72
160        </provider>
161
162        <activity
162-->[com.sangcomz:FishBun:0.11.2] AndroidManifest.xml:22:9-25:51
163            android:name="com.sangcomz.fishbun.ui.album.AlbumActivity"
163-->[com.sangcomz:FishBun:0.11.2] AndroidManifest.xml:23:13-71
164            android:label="@string/album"
164-->[com.sangcomz:FishBun:0.11.2] AndroidManifest.xml:24:13-42
165            android:theme="@style/FishBunTheme" />
165-->[com.sangcomz:FishBun:0.11.2] AndroidManifest.xml:25:13-48
166        <activity
166-->[com.sangcomz:FishBun:0.11.2] AndroidManifest.xml:26:9-28:51
167            android:name="com.sangcomz.fishbun.ui.picker.PickerActivity"
167-->[com.sangcomz:FishBun:0.11.2] AndroidManifest.xml:27:13-73
168            android:theme="@style/FishBunTheme" />
168-->[com.sangcomz:FishBun:0.11.2] AndroidManifest.xml:28:13-48
169        <activity
169-->[com.sangcomz:FishBun:0.11.2] AndroidManifest.xml:29:9-31:54
170            android:name="com.sangcomz.fishbun.ui.detail.DetailActivity"
170-->[com.sangcomz:FishBun:0.11.2] AndroidManifest.xml:30:13-73
171            android:theme="@style/DetailViewTheme" />
171-->[com.sangcomz:FishBun:0.11.2] AndroidManifest.xml:31:13-51
172        <activity
172-->[com.google.firebase:firebase-auth:20.0.1] AndroidManifest.xml:27:9-44:20
173            android:name="com.google.firebase.auth.internal.GenericIdpActivity"
173-->[com.google.firebase:firebase-auth:20.0.1] AndroidManifest.xml:28:13-80
174            android:excludeFromRecents="true"
174-->[com.google.firebase:firebase-auth:20.0.1] AndroidManifest.xml:29:13-46
175            android:exported="true"
175-->[com.google.firebase:firebase-auth:20.0.1] AndroidManifest.xml:30:13-36
176            android:launchMode="singleTask"
176-->[com.google.firebase:firebase-auth:20.0.1] AndroidManifest.xml:31:13-44
177            android:theme="@android:style/Theme.Translucent.NoTitleBar" >
177-->[com.google.firebase:firebase-auth:20.0.1] AndroidManifest.xml:32:13-72
178            <intent-filter>
178-->[com.google.firebase:firebase-auth:20.0.1] AndroidManifest.xml:33:13-43:29
179                <action android:name="android.intent.action.VIEW" />
179-->src/main/AndroidManifest.xml:41:15-66
179-->src/main/AndroidManifest.xml:41:23-64
180
181                <category android:name="android.intent.category.DEFAULT" />
181-->src/main/AndroidManifest.xml:42:16-74
181-->src/main/AndroidManifest.xml:42:26-72
182                <category android:name="android.intent.category.BROWSABLE" />
182-->src/main/AndroidManifest.xml:43:16-76
182-->src/main/AndroidManifest.xml:43:26-74
183
184                <data
184-->src/main/AndroidManifest.xml:44:15-46:41
185                    android:host="firebase.auth"
185-->src/main/AndroidManifest.xml:45:17-61
186                    android:path="/"
187                    android:scheme="genericidp" />
187-->src/main/AndroidManifest.xml:46:17-39
188            </intent-filter>
189        </activity>
190        <activity
190-->[com.google.firebase:firebase-auth:20.0.1] AndroidManifest.xml:45:9-62:20
191            android:name="com.google.firebase.auth.internal.RecaptchaActivity"
191-->[com.google.firebase:firebase-auth:20.0.1] AndroidManifest.xml:46:13-79
192            android:excludeFromRecents="true"
192-->[com.google.firebase:firebase-auth:20.0.1] AndroidManifest.xml:47:13-46
193            android:exported="true"
193-->[com.google.firebase:firebase-auth:20.0.1] AndroidManifest.xml:48:13-36
194            android:launchMode="singleTask"
194-->[com.google.firebase:firebase-auth:20.0.1] AndroidManifest.xml:49:13-44
195            android:theme="@android:style/Theme.Translucent.NoTitleBar" >
195-->[com.google.firebase:firebase-auth:20.0.1] AndroidManifest.xml:50:13-72
196            <intent-filter>
196-->[com.google.firebase:firebase-auth:20.0.1] AndroidManifest.xml:51:13-61:29
197                <action android:name="android.intent.action.VIEW" />
197-->src/main/AndroidManifest.xml:41:15-66
197-->src/main/AndroidManifest.xml:41:23-64
198
199                <category android:name="android.intent.category.DEFAULT" />
199-->src/main/AndroidManifest.xml:42:16-74
199-->src/main/AndroidManifest.xml:42:26-72
200                <category android:name="android.intent.category.BROWSABLE" />
200-->src/main/AndroidManifest.xml:43:16-76
200-->src/main/AndroidManifest.xml:43:26-74
201
202                <data
202-->src/main/AndroidManifest.xml:44:15-46:41
203                    android:host="firebase.auth"
203-->src/main/AndroidManifest.xml:45:17-61
204                    android:path="/"
205                    android:scheme="recaptcha" />
205-->src/main/AndroidManifest.xml:46:17-39
206            </intent-filter>
207        </activity>
208
209        <service
209-->[com.google.firebase:firebase-auth:20.0.1] AndroidManifest.xml:64:9-73:19
210            android:name="com.google.firebase.auth.api.fallback.service.FirebaseAuthFallbackService"
210-->[com.google.firebase:firebase-auth:20.0.1] AndroidManifest.xml:65:13-101
211            android:enabled="true"
211-->[com.google.firebase:firebase-auth:20.0.1] AndroidManifest.xml:66:13-35
212            android:exported="false" >
212-->[com.google.firebase:firebase-auth:20.0.1] AndroidManifest.xml:67:13-37
213            <intent-filter>
213-->[com.google.firebase:firebase-auth:20.0.1] AndroidManifest.xml:68:13-72:29
214                <action android:name="com.google.firebase.auth.api.gms.service.START" />
214-->[com.google.firebase:firebase-auth:20.0.1] AndroidManifest.xml:69:17-89
214-->[com.google.firebase:firebase-auth:20.0.1] AndroidManifest.xml:69:25-86
215
216                <category android:name="android.intent.category.DEFAULT" />
216-->src/main/AndroidManifest.xml:42:16-74
216-->src/main/AndroidManifest.xml:42:26-72
217            </intent-filter>
218        </service>
219
220        <activity
220-->[com.google.android.gms:play-services-base:17.1.0] AndroidManifest.xml:23:9-26:75
221            android:name="com.google.android.gms.common.api.GoogleApiActivity"
221-->[com.google.android.gms:play-services-base:17.1.0] AndroidManifest.xml:24:13-79
222            android:exported="false"
222-->[com.google.android.gms:play-services-base:17.1.0] AndroidManifest.xml:25:13-37
223            android:theme="@android:style/Theme.Translucent.NoTitleBar" />
223-->[com.google.android.gms:play-services-base:17.1.0] AndroidManifest.xml:26:13-72
224
225        <provider
225-->[com.google.firebase:firebase-common:19.5.0] AndroidManifest.xml:26:9-31:39
226            android:name="com.google.firebase.provider.FirebaseInitProvider"
226-->[com.google.firebase:firebase-common:19.5.0] AndroidManifest.xml:27:13-77
227            android:authorities="com.company.LDR.firebaseinitprovider"
227-->[com.google.firebase:firebase-common:19.5.0] AndroidManifest.xml:28:13-72
228            android:directBootAware="true"
228-->[com.google.firebase:firebase-common:19.5.0] AndroidManifest.xml:29:13-43
229            android:exported="false"
229-->[com.google.firebase:firebase-common:19.5.0] AndroidManifest.xml:30:13-37
230            android:initOrder="100" />
230-->[com.google.firebase:firebase-common:19.5.0] AndroidManifest.xml:31:13-36
231
232        <receiver
232-->[com.google.android.gms:play-services-measurement:18.0.0] AndroidManifest.xml:29:9-33:20
233            android:name="com.google.android.gms.measurement.AppMeasurementReceiver"
233-->[com.google.android.gms:play-services-measurement:18.0.0] AndroidManifest.xml:30:13-85
234            android:enabled="true"
234-->[com.google.android.gms:play-services-measurement:18.0.0] AndroidManifest.xml:31:13-35
235            android:exported="false" >
235-->[com.google.android.gms:play-services-measurement:18.0.0] AndroidManifest.xml:32:13-37
236        </receiver>
237
238        <service
238-->[com.google.android.gms:play-services-measurement:18.0.0] AndroidManifest.xml:35:9-38:40
239            android:name="com.google.android.gms.measurement.AppMeasurementService"
239-->[com.google.android.gms:play-services-measurement:18.0.0] AndroidManifest.xml:36:13-84
240            android:enabled="true"
240-->[com.google.android.gms:play-services-measurement:18.0.0] AndroidManifest.xml:37:13-35
241            android:exported="false" />
241-->[com.google.android.gms:play-services-measurement:18.0.0] AndroidManifest.xml:38:13-37
242        <service
242-->[com.google.android.gms:play-services-measurement:18.0.0] AndroidManifest.xml:39:9-43:72
243            android:name="com.google.android.gms.measurement.AppMeasurementJobService"
243-->[com.google.android.gms:play-services-measurement:18.0.0] AndroidManifest.xml:40:13-87
244            android:enabled="true"
244-->[com.google.android.gms:play-services-measurement:18.0.0] AndroidManifest.xml:41:13-35
245            android:exported="false"
245-->[com.google.android.gms:play-services-measurement:18.0.0] AndroidManifest.xml:42:13-37
246            android:permission="android.permission.BIND_JOB_SERVICE" />
246-->[com.google.android.gms:play-services-measurement:18.0.0] AndroidManifest.xml:43:13-69
247
248        <meta-data
248-->[com.google.android.gms:play-services-basement:17.1.0] AndroidManifest.xml:23:9-25:69
249            android:name="com.google.android.gms.version"
249-->[com.google.android.gms:play-services-basement:17.1.0] AndroidManifest.xml:24:13-58
250            android:value="@integer/google_play_services_version" />
250-->[com.google.android.gms:play-services-basement:17.1.0] AndroidManifest.xml:25:13-66
251    </application>
252
253</manifest>